<?xml version="1.0" encoding="UTF-8"?>
<testng-results ignored="0" total="30" passed="30" failed="0" skipped="0">
  <reporter-output>
  </reporter-output>
  <suite started-at="2021-08-01T15:30:36 IST" name="Suite" finished-at="2021-08-01T15:43:23 IST" duration-ms="766485">
    <groups>
    </groups>
    <test started-at="2021-08-01T15:30:36 IST" name="Test" finished-at="2021-08-01T15:43:23 IST" duration-ms="766485">
      <class name="TestRunner.TestRunner">
        <test-method is-config="true" signature="setUp()[pri:0, instance:TestRunner.TestRunner@1bd4fdd]" started-at="2021-08-01T15:30:37 IST" name="setUp" finished-at="2021-08-01T15:30:37 IST" duration-ms="130" status="PASS">
          <reporter-output>
          </reporter-output>
        </test-method> <!-- setUp -->
        <test-method signature="feature(cucumber.api.testng.PickleEventWrapper,cucumber.api.testng.CucumberFeatureWrapper)[pri:0, instance:TestRunner.TestRunner@1bd4fdd]" started-at="2021-08-01T15:30:37 IST" name="feature" data-provider="feature" finished-at="2021-08-01T15:31:05 IST" duration-ms="28014" status="PASS">
          <params>
            <param index="0">
              <value>
                <![CDATA["Add for more than two integers"]]>
              </value>
            </param>
            <param index="1">
              <value>
                <![CDATA["TC10_Addition Functions from Online Calculator App"]]>
              </value>
            </param>
          </params>
          <reporter-output>
          </reporter-output>
        </test-method> <!-- feature -->
        <test-method signature="feature(cucumber.api.testng.PickleEventWrapper,cucumber.api.testng.CucumberFeatureWrapper)[pri:0, instance:TestRunner.TestRunner@1bd4fdd]" started-at="2021-08-01T15:31:05 IST" name="feature" data-provider="feature" finished-at="2021-08-01T15:32:09 IST" duration-ms="63545" status="PASS">
          <params>
            <param index="0">
              <value>
                <![CDATA["Add two maximum integer"]]>
              </value>
            </param>
            <param index="1">
              <value>
                <![CDATA["TC11_Addition Functions from Online Calculator App"]]>
              </value>
            </param>
          </params>
          <reporter-output>
          </reporter-output>
        </test-method> <!-- feature -->
        <test-method signature="feature(cucumber.api.testng.PickleEventWrapper,cucumber.api.testng.CucumberFeatureWrapper)[pri:0, instance:TestRunner.TestRunner@1bd4fdd]" started-at="2021-08-01T15:32:09 IST" name="feature" data-provider="feature" finished-at="2021-08-01T15:32:24 IST" duration-ms="15738" status="PASS">
          <params>
            <param index="0">
              <value>
                <![CDATA["Add lower value and higher value for Single unit number"]]>
              </value>
            </param>
            <param index="1">
              <value>
                <![CDATA["TC1_Addition Functions from Online Calculator App"]]>
              </value>
            </param>
          </params>
          <reporter-output>
          </reporter-output>
        </test-method> <!-- feature -->
        <test-method signature="feature(cucumber.api.testng.PickleEventWrapper,cucumber.api.testng.CucumberFeatureWrapper)[pri:0, instance:TestRunner.TestRunner@1bd4fdd]" started-at="2021-08-01T15:32:24 IST" name="feature" data-provider="feature" finished-at="2021-08-01T15:32:41 IST" duration-ms="16155" status="PASS">
          <params>
            <param index="0">
              <value>
                <![CDATA["Add higher value and lower value for Single unit number"]]>
              </value>
            </param>
            <param index="1">
              <value>
                <![CDATA["TC2_Addition Functions from Online Calculator App"]]>
              </value>
            </param>
          </params>
          <reporter-output>
          </reporter-output>
        </test-method> <!-- feature -->
        <test-method signature="feature(cucumber.api.testng.PickleEventWrapper,cucumber.api.testng.CucumberFeatureWrapper)[pri:0, instance:TestRunner.TestRunner@1bd4fdd]" started-at="2021-08-01T15:32:41 IST" name="feature" data-provider="feature" finished-at="2021-08-01T15:33:06 IST" duration-ms="25893" status="PASS">
          <params>
            <param index="0">
              <value>
                <![CDATA["Add lower value and higher value for number greater than single unit"]]>
              </value>
            </param>
            <param index="1">
              <value>
                <![CDATA["TC3_Addition Functions from Online Calculator App"]]>
              </value>
            </param>
          </params>
          <reporter-output>
          </reporter-output>
        </test-method> <!-- feature -->
        <test-method signature="feature(cucumber.api.testng.PickleEventWrapper,cucumber.api.testng.CucumberFeatureWrapper)[pri:0, instance:TestRunner.TestRunner@1bd4fdd]" started-at="2021-08-01T15:33:06 IST" name="feature" data-provider="feature" finished-at="2021-08-01T15:33:33 IST" duration-ms="26123" status="PASS">
          <params>
            <param index="0">
              <value>
                <![CDATA["Add higher value and lower value for number greater than single unit"]]>
              </value>
            </param>
            <param index="1">
              <value>
                <![CDATA["TC4_Addition Functions from Online Calculator App"]]>
              </value>
            </param>
          </params>
          <reporter-output>
          </reporter-output>
        </test-method> <!-- feature -->
        <test-method signature="feature(cucumber.api.testng.PickleEventWrapper,cucumber.api.testng.CucumberFeatureWrapper)[pri:0, instance:TestRunner.TestRunner@1bd4fdd]" started-at="2021-08-01T15:33:33 IST" name="feature" data-provider="feature" finished-at="2021-08-01T15:34:01 IST" duration-ms="28604" status="PASS">
          <params>
            <param index="0">
              <value>
                <![CDATA["Add higher negative value and lower positive value"]]>
              </value>
            </param>
            <param index="1">
              <value>
                <![CDATA["TC5_Addition Functions from Online Calculator App"]]>
              </value>
            </param>
          </params>
          <reporter-output>
          </reporter-output>
        </test-method> <!-- feature -->
        <test-method signature="feature(cucumber.api.testng.PickleEventWrapper,cucumber.api.testng.CucumberFeatureWrapper)[pri:0, instance:TestRunner.TestRunner@1bd4fdd]" started-at="2021-08-01T15:34:01 IST" name="feature" data-provider="feature" finished-at="2021-08-01T15:34:27 IST" duration-ms="26018" status="PASS">
          <params>
            <param index="0">
              <value>
                <![CDATA["Add lower negative value1 with higher positive value2"]]>
              </value>
            </param>
            <param index="1">
              <value>
                <![CDATA["TC6_Addition Functions from Online Calculator App"]]>
              </value>
            </param>
          </params>
          <reporter-output>
          </reporter-output>
        </test-method> <!-- feature -->
        <test-method signature="feature(cucumber.api.testng.PickleEventWrapper,cucumber.api.testng.CucumberFeatureWrapper)[pri:0, instance:TestRunner.TestRunner@1bd4fdd]" started-at="2021-08-01T15:34:27 IST" name="feature" data-provider="feature" finished-at="2021-08-01T15:34:58 IST" duration-ms="30908" status="PASS">
          <params>
            <param index="0">
              <value>
                <![CDATA["Add lower value from higher value with decimal point"]]>
              </value>
            </param>
            <param index="1">
              <value>
                <![CDATA["TC7_Addition Functions from Online Calculator App"]]>
              </value>
            </param>
          </params>
          <reporter-output>
          </reporter-output>
        </test-method> <!-- feature -->
        <test-method signature="feature(cucumber.api.testng.PickleEventWrapper,cucumber.api.testng.CucumberFeatureWrapper)[pri:0, instance:TestRunner.TestRunner@1bd4fdd]" started-at="2021-08-01T15:34:58 IST" name="feature" data-provider="feature" finished-at="2021-08-01T15:35:27 IST" duration-ms="29082" status="PASS">
          <params>
            <param index="0">
              <value>
                <![CDATA["Add higher value and lower value with decimal point"]]>
              </value>
            </param>
            <param index="1">
              <value>
                <![CDATA["TC8_Addition Functions from Online Calculator App"]]>
              </value>
            </param>
          </params>
          <reporter-output>
          </reporter-output>
        </test-method> <!-- feature -->
        <test-method signature="feature(cucumber.api.testng.PickleEventWrapper,cucumber.api.testng.CucumberFeatureWrapper)[pri:0, instance:TestRunner.TestRunner@1bd4fdd]" started-at="2021-08-01T15:35:27 IST" name="feature" data-provider="feature" finished-at="2021-08-01T15:36:08 IST" duration-ms="40385" status="PASS">
          <params>
            <param index="0">
              <value>
                <![CDATA["Verify multiple decimal point not allowed in Addition"]]>
              </value>
            </param>
            <param index="1">
              <value>
                <![CDATA["TC9_Addition Functions from Online Calculator App"]]>
              </value>
            </param>
          </params>
          <reporter-output>
          </reporter-output>
        </test-method> <!-- feature -->
        <test-method signature="feature(cucumber.api.testng.PickleEventWrapper,cucumber.api.testng.CucumberFeatureWrapper)[pri:0, instance:TestRunner.TestRunner@1bd4fdd]" started-at="2021-08-01T15:36:08 IST" name="feature" data-provider="feature" finished-at="2021-08-01T15:36:24 IST" duration-ms="16106" status="PASS">
          <params>
            <param index="0">
              <value>
                <![CDATA["Verify Error message when any value divide by zero"]]>
              </value>
            </param>
            <param index="1">
              <value>
                <![CDATA["TC10_Divisiion Functions from Online Calculator App"]]>
              </value>
            </param>
          </params>
          <reporter-output>
          </reporter-output>
        </test-method> <!-- feature -->
        <test-method signature="feature(cucumber.api.testng.PickleEventWrapper,cucumber.api.testng.CucumberFeatureWrapper)[pri:0, instance:TestRunner.TestRunner@1bd4fdd]" started-at="2021-08-01T15:36:24 IST" name="feature" data-provider="feature" finished-at="2021-08-01T15:36:44 IST" duration-ms="20449" status="PASS">
          <params>
            <param index="0">
              <value>
                <![CDATA["Divide for more than two integers"]]>
              </value>
            </param>
            <param index="1">
              <value>
                <![CDATA["TC11_Divisiion Functions from Online Calculator App"]]>
              </value>
            </param>
          </params>
          <reporter-output>
          </reporter-output>
        </test-method> <!-- feature -->
        <test-method signature="feature(cucumber.api.testng.PickleEventWrapper,cucumber.api.testng.CucumberFeatureWrapper)[pri:0, instance:TestRunner.TestRunner@1bd4fdd]" started-at="2021-08-01T15:36:44 IST" name="feature" data-provider="feature" finished-at="2021-08-01T15:36:59 IST" duration-ms="15213" status="PASS">
          <params>
            <param index="0">
              <value>
                <![CDATA["Divide lower value by higher value for Single unit number"]]>
              </value>
            </param>
            <param index="1">
              <value>
                <![CDATA["TC1_Divisiion Functions from Online Calculator App"]]>
              </value>
            </param>
          </params>
          <reporter-output>
          </reporter-output>
        </test-method> <!-- feature -->
        <test-method signature="feature(cucumber.api.testng.PickleEventWrapper,cucumber.api.testng.CucumberFeatureWrapper)[pri:0, instance:TestRunner.TestRunner@1bd4fdd]" started-at="2021-08-01T15:36:59 IST" name="feature" data-provider="feature" finished-at="2021-08-01T15:37:15 IST" duration-ms="15215" status="PASS">
          <params>
            <param index="0">
              <value>
                <![CDATA["Divide higher value by lower value for Single unit number"]]>
              </value>
            </param>
            <param index="1">
              <value>
                <![CDATA["TC2_Divisiion Functions from Online Calculator App"]]>
              </value>
            </param>
          </params>
          <reporter-output>
          </reporter-output>
        </test-method> <!-- feature -->
        <test-method signature="feature(cucumber.api.testng.PickleEventWrapper,cucumber.api.testng.CucumberFeatureWrapper)[pri:0, instance:TestRunner.TestRunner@1bd4fdd]" started-at="2021-08-01T15:37:15 IST" name="feature" data-provider="feature" finished-at="2021-08-01T15:37:38 IST" duration-ms="23640" status="PASS">
          <params>
            <param index="0">
              <value>
                <![CDATA["Divide lower value by higher value for number greater than single unit"]]>
              </value>
            </param>
            <param index="1">
              <value>
                <![CDATA["TC3_Divisiion Functions from Online Calculator App"]]>
              </value>
            </param>
          </params>
          <reporter-output>
          </reporter-output>
        </test-method> <!-- feature -->
        <test-method signature="feature(cucumber.api.testng.PickleEventWrapper,cucumber.api.testng.CucumberFeatureWrapper)[pri:0, instance:TestRunner.TestRunner@1bd4fdd]" started-at="2021-08-01T15:37:38 IST" name="feature" data-provider="feature" finished-at="2021-08-01T15:38:02 IST" duration-ms="23500" status="PASS">
          <params>
            <param index="0">
              <value>
                <![CDATA["Divide higher value by lower value for number greater than single unit"]]>
              </value>
            </param>
            <param index="1">
              <value>
                <![CDATA["TC4_Divisiion Functions from Online Calculator App"]]>
              </value>
            </param>
          </params>
          <reporter-output>
          </reporter-output>
        </test-method> <!-- feature -->
        <test-method signature="feature(cucumber.api.testng.PickleEventWrapper,cucumber.api.testng.CucumberFeatureWrapper)[pri:0, instance:TestRunner.TestRunner@1bd4fdd]" started-at="2021-08-01T15:38:02 IST" name="feature" data-provider="feature" finished-at="2021-08-01T15:38:31 IST" duration-ms="29532" status="PASS">
          <params>
            <param index="0">
              <value>
                <![CDATA["Divide lower value by higher value with decimal point"]]>
              </value>
            </param>
            <param index="1">
              <value>
                <![CDATA["TC5_Divisiion Functions from Online Calculator App"]]>
              </value>
            </param>
          </params>
          <reporter-output>
          </reporter-output>
        </test-method> <!-- feature -->
        <test-method signature="feature(cucumber.api.testng.PickleEventWrapper,cucumber.api.testng.CucumberFeatureWrapper)[pri:0, instance:TestRunner.TestRunner@1bd4fdd]" started-at="2021-08-01T15:38:31 IST" name="feature" data-provider="feature" finished-at="2021-08-01T15:39:01 IST" duration-ms="29487" status="PASS">
          <params>
            <param index="0">
              <value>
                <![CDATA["Divide higher value by lower value with decimal point"]]>
              </value>
            </param>
            <param index="1">
              <value>
                <![CDATA["TC6_Divisiion Functions from Online Calculator App"]]>
              </value>
            </param>
          </params>
          <reporter-output>
          </reporter-output>
        </test-method> <!-- feature -->
        <test-method signature="feature(cucumber.api.testng.PickleEventWrapper,cucumber.api.testng.CucumberFeatureWrapper)[pri:0, instance:TestRunner.TestRunner@1bd4fdd]" started-at="2021-08-01T15:39:01 IST" name="feature" data-provider="feature" finished-at="2021-08-01T15:39:29 IST" duration-ms="28256" status="PASS">
          <params>
            <param index="0">
              <value>
                <![CDATA["Verify multiple decimal point not allowed on Division"]]>
              </value>
            </param>
            <param index="1">
              <value>
                <![CDATA["TC7_Divisiion Functions from Online Calculator App"]]>
              </value>
            </param>
          </params>
          <reporter-output>
          </reporter-output>
        </test-method> <!-- feature -->
        <test-method signature="feature(cucumber.api.testng.PickleEventWrapper,cucumber.api.testng.CucumberFeatureWrapper)[pri:0, instance:TestRunner.TestRunner@1bd4fdd]" started-at="2021-08-01T15:39:29 IST" name="feature" data-provider="feature" finished-at="2021-08-01T15:39:48 IST" duration-ms="19044" status="PASS">
          <params>
            <param index="0">
              <value>
                <![CDATA["Divide Negative Integer value"]]>
              </value>
            </param>
            <param index="1">
              <value>
                <![CDATA["TC8_Divisiion Functions from Online Calculator App"]]>
              </value>
            </param>
          </params>
          <reporter-output>
          </reporter-output>
        </test-method> <!-- feature -->
        <test-method signature="feature(cucumber.api.testng.PickleEventWrapper,cucumber.api.testng.CucumberFeatureWrapper)[pri:0, instance:TestRunner.TestRunner@1bd4fdd]" started-at="2021-08-01T15:39:48 IST" name="feature" data-provider="feature" finished-at="2021-08-01T15:40:04 IST" duration-ms="15520" status="PASS">
          <params>
            <param index="0">
              <value>
                <![CDATA["Divide zero by any interger"]]>
              </value>
            </param>
            <param index="1">
              <value>
                <![CDATA["TC9_Divisiion Functions from Online Calculator App"]]>
              </value>
            </param>
          </params>
          <reporter-output>
          </reporter-output>
        </test-method> <!-- feature -->
        <test-method signature="feature(cucumber.api.testng.PickleEventWrapper,cucumber.api.testng.CucumberFeatureWrapper)[pri:0, instance:TestRunner.TestRunner@1bd4fdd]" started-at="2021-08-01T15:40:04 IST" name="feature" data-provider="feature" finished-at="2021-08-01T15:40:19 IST" duration-ms="15334" status="PASS">
          <params>
            <param index="0">
              <value>
                <![CDATA["Subtract lower value from higher value for Single unit number"]]>
              </value>
            </param>
            <param index="1">
              <value>
                <![CDATA["TC1_Subtraction Functions from Online Calculator App"]]>
              </value>
            </param>
          </params>
          <reporter-output>
          </reporter-output>
        </test-method> <!-- feature -->
        <test-method signature="feature(cucumber.api.testng.PickleEventWrapper,cucumber.api.testng.CucumberFeatureWrapper)[pri:0, instance:TestRunner.TestRunner@1bd4fdd]" started-at="2021-08-01T15:40:19 IST" name="feature" data-provider="feature" finished-at="2021-08-01T15:40:34 IST" duration-ms="15177" status="PASS">
          <params>
            <param index="0">
              <value>
                <![CDATA["Subtract higher value from lower value for Single unit number"]]>
              </value>
            </param>
            <param index="1">
              <value>
                <![CDATA["TC2_Subtraction Functions from Online Calculator App"]]>
              </value>
            </param>
          </params>
          <reporter-output>
          </reporter-output>
        </test-method> <!-- feature -->
        <test-method signature="feature(cucumber.api.testng.PickleEventWrapper,cucumber.api.testng.CucumberFeatureWrapper)[pri:0, instance:TestRunner.TestRunner@1bd4fdd]" started-at="2021-08-01T15:40:34 IST" name="feature" data-provider="feature" finished-at="2021-08-01T15:40:58 IST" duration-ms="23665" status="PASS">
          <params>
            <param index="0">
              <value>
                <![CDATA["Subtract higher value from lower value for number greater than single unit"]]>
              </value>
            </param>
            <param index="1">
              <value>
                <![CDATA["TC3_Subtraction Functions from Online Calculator App"]]>
              </value>
            </param>
          </params>
          <reporter-output>
          </reporter-output>
        </test-method> <!-- feature -->
        <test-method signature="feature(cucumber.api.testng.PickleEventWrapper,cucumber.api.testng.CucumberFeatureWrapper)[pri:0, instance:TestRunner.TestRunner@1bd4fdd]" started-at="2021-08-01T15:40:58 IST" name="feature" data-provider="feature" finished-at="2021-08-01T15:41:28 IST" duration-ms="30184" status="PASS">
          <params>
            <param index="0">
              <value>
                <![CDATA["Subtract lower value from higher value with decimal point"]]>
              </value>
            </param>
            <param index="1">
              <value>
                <![CDATA["TC4_Subtraction Functions from Online Calculator App"]]>
              </value>
            </param>
          </params>
          <reporter-output>
          </reporter-output>
        </test-method> <!-- feature -->
        <test-method signature="feature(cucumber.api.testng.PickleEventWrapper,cucumber.api.testng.CucumberFeatureWrapper)[pri:0, instance:TestRunner.TestRunner@1bd4fdd]" started-at="2021-08-01T15:41:28 IST" name="feature" data-provider="feature" finished-at="2021-08-01T15:41:57 IST" duration-ms="29390" status="PASS">
          <params>
            <param index="0">
              <value>
                <![CDATA["Subtract higher value from lower value with decimal point"]]>
              </value>
            </param>
            <param index="1">
              <value>
                <![CDATA["TC5_Subtraction Functions from Online Calculator App"]]>
              </value>
            </param>
          </params>
          <reporter-output>
          </reporter-output>
        </test-method> <!-- feature -->
        <test-method signature="feature(cucumber.api.testng.PickleEventWrapper,cucumber.api.testng.CucumberFeatureWrapper)[pri:0, instance:TestRunner.TestRunner@1bd4fdd]" started-at="2021-08-01T15:41:57 IST" name="feature" data-provider="feature" finished-at="2021-08-01T15:42:38 IST" duration-ms="40679" status="PASS">
          <params>
            <param index="0">
              <value>
                <![CDATA["Verify multiple decimal point not allowed on subtracting"]]>
              </value>
            </param>
            <param index="1">
              <value>
                <![CDATA["TC6_Subtraction Functions from Online Calculator App"]]>
              </value>
            </param>
          </params>
          <reporter-output>
          </reporter-output>
        </test-method> <!-- feature -->
        <test-method signature="feature(cucumber.api.testng.PickleEventWrapper,cucumber.api.testng.CucumberFeatureWrapper)[pri:0, instance:TestRunner.TestRunner@1bd4fdd]" started-at="2021-08-01T15:42:38 IST" name="feature" data-provider="feature" finished-at="2021-08-01T15:42:59 IST" duration-ms="20610" status="PASS">
          <params>
            <param index="0">
              <value>
                <![CDATA["Subtract for more than two integers"]]>
              </value>
            </param>
            <param index="1">
              <value>
                <![CDATA["TC7_Subtraction Functions from Online Calculator App"]]>
              </value>
            </param>
          </params>
          <reporter-output>
          </reporter-output>
        </test-method> <!-- feature -->
        <test-method signature="feature(cucumber.api.testng.PickleEventWrapper,cucumber.api.testng.CucumberFeatureWrapper)[pri:0, instance:TestRunner.TestRunner@1bd4fdd]" started-at="2021-08-01T15:42:59 IST" name="feature" data-provider="feature" finished-at="2021-08-01T15:43:23 IST" duration-ms="24231" status="PASS">
          <params>
            <param index="0">
              <value>
                <![CDATA["Subtract lower value from higher value for number greater than single unit"]]>
              </value>
            </param>
            <param index="1">
              <value>
                <![CDATA["TC8_Subtraction Functions from Online Calculator App"]]>
              </value>
            </param>
          </params>
          <reporter-output>
          </reporter-output>
        </test-method> <!-- feature -->
        <test-method is-config="true" signature="tearDown()[pri:0, instance:TestRunner.TestRunner@1bd4fdd]" started-at="2021-08-01T15:43:23 IST" name="tearDown" finished-at="2021-08-01T15:43:23 IST" duration-ms="26" status="PASS">
          <reporter-output>
          </reporter-output>
        </test-method> <!-- tearDown -->
      </class> <!-- TestRunner.TestRunner -->
    </test> <!-- Test -->
  </suite> <!-- Suite -->
</testng-results>
