<?xml version="1.0" encoding="UTF-8"?>
<testng-results ignored="0" total="1" passed="1" failed="0" skipped="0">
  <reporter-output>
  </reporter-output>
  <suite started-at="2021-08-01T10:12:53 IST" name="Suite" finished-at="2021-08-01T10:13:17 IST" duration-ms="23892">
    <groups>
    </groups>
    <test started-at="2021-08-01T10:12:53 IST" name="Test" finished-at="2021-08-01T10:13:17 IST" duration-ms="23892">
      <class name="TestRunner.TestRunner">
        <test-method is-config="true" signature="setUp()[pri:0, instance:TestRunner.TestRunner@1bd4fdd]" started-at="2021-08-01T10:12:54 IST" name="setUp" finished-at="2021-08-01T10:12:54 IST" duration-ms="187" status="PASS">
          <reporter-output>
          </reporter-output>
        </test-method> <!-- setUp -->
        <test-method signature="feature(cucumber.api.testng.PickleEventWrapper,cucumber.api.testng.CucumberFeatureWrapper)[pri:0, instance:TestRunner.TestRunner@1bd4fdd]" started-at="2021-08-01T10:12:54 IST" name="feature" data-provider="feature" finished-at="2021-08-01T10:13:17 IST" duration-ms="23032" status="PASS">
          <params>
            <param index="0">
              <value>
                <![CDATA["Divide lower value from higher value for Single unit number"]]>
              </value>
            </param>
            <param index="1">
              <value>
                <![CDATA["Test_Divisiion Functions from Online Calculator App"]]>
              </value>
            </param>
          </params>
          <reporter-output>
          </reporter-output>
        </test-method> <!-- feature -->
        <test-method is-config="true" signature="tearDown()[pri:0, instance:TestRunner.TestRunner@1bd4fdd]" started-at="2021-08-01T10:13:17 IST" name="tearDown" finished-at="2021-08-01T10:13:17 IST" duration-ms="18" status="PASS">
          <reporter-output>
          </reporter-output>
        </test-method> <!-- tearDown -->
      </class> <!-- TestRunner.TestRunner -->
    </test> <!-- Test -->
  </suite> <!-- Suite -->
</testng-results>
