<?xml version="1.0" encoding="UTF-8"?>
<!-- Generated by org.testng.reporters.JUnitXMLReporter -->
<testsuite ignored="0" hostname="Lenovo" failures="0" tests="30" name="Test" time="766.485" errors="0" timestamp="2021-08-01T15:43:23 IST">
  <testcase classname="TestRunner.TestRunner" name="feature" time="28.014"/>
  <testcase classname="TestRunner.TestRunner" name="feature" time="63.545"/>
  <testcase classname="TestRunner.TestRunner" name="feature" time="15.738"/>
  <testcase classname="TestRunner.TestRunner" name="feature" time="16.155"/>
  <testcase classname="TestRunner.TestRunner" name="feature" time="25.893"/>
  <testcase classname="TestRunner.TestRunner" name="feature" time="26.123"/>
  <testcase classname="TestRunner.TestRunner" name="feature" time="28.604"/>
  <testcase classname="TestRunner.TestRunner" name="feature" time="26.018"/>
  <testcase classname="TestRunner.TestRunner" name="feature" time="30.908"/>
  <testcase classname="TestRunner.TestRunner" name="feature" time="29.082"/>
  <testcase classname="TestRunner.TestRunner" name="feature" time="40.385"/>
  <testcase classname="TestRunner.TestRunner" name="feature" time="16.106"/>
  <testcase classname="TestRunner.TestRunner" name="feature" time="20.449"/>
  <testcase classname="TestRunner.TestRunner" name="feature" time="15.213"/>
  <testcase classname="TestRunner.TestRunner" name="feature" time="15.215"/>
  <testcase classname="TestRunner.TestRunner" name="feature" time="23.64"/>
  <testcase classname="TestRunner.TestRunner" name="feature" time="23.5"/>
  <testcase classname="TestRunner.TestRunner" name="feature" time="29.532"/>
  <testcase classname="TestRunner.TestRunner" name="feature" time="29.487"/>
  <testcase classname="TestRunner.TestRunner" name="feature" time="28.256"/>
  <testcase classname="TestRunner.TestRunner" name="feature" time="19.044"/>
  <testcase classname="TestRunner.TestRunner" name="feature" time="15.52"/>
  <testcase classname="TestRunner.TestRunner" name="feature" time="15.334"/>
  <testcase classname="TestRunner.TestRunner" name="feature" time="15.177"/>
  <testcase classname="TestRunner.TestRunner" name="feature" time="23.665"/>
  <testcase classname="TestRunner.TestRunner" name="feature" time="30.184"/>
  <testcase classname="TestRunner.TestRunner" name="feature" time="29.39"/>
  <testcase classname="TestRunner.TestRunner" name="feature" time="40.679"/>
  <testcase classname="TestRunner.TestRunner" name="feature" time="20.61"/>
  <testcase classname="TestRunner.TestRunner" name="feature" time="24.231"/>
</testsuite> <!-- Test -->
